c:\users\skalbe\dropbox\c_year3_networking\directxp2pgame_p1\mp\debug\mp.pch
c:\users\skalbe\dropbox\c_year3_networking\directxp2pgame_p1\mp\debug\vc120.pdb
c:\users\skalbe\dropbox\c_year3_networking\directxp2pgame_p1\mp\debug\vc120.idb
c:\users\skalbe\dropbox\c_year3_networking\directxp2pgame_p1\mp\debug\pch.obj
c:\users\skalbe\dropbox\c_year3_networking\directxp2pgame_p1\mp\debug\light.obj
c:\users\skalbe\dropbox\c_year3_networking\directxp2pgame_p1\mp\debug\lightshader.obj
c:\users\skalbe\dropbox\c_year3_networking\directxp2pgame_p1\mp\debug\main.obj
c:\users\skalbe\dropbox\c_year3_networking\directxp2pgame_p1\mp\debug\model.obj
c:\users\skalbe\dropbox\c_year3_networking\directxp2pgame_p1\mp\debug\orthomesh.obj
c:\users\skalbe\dropbox\c_year3_networking\directxp2pgame_p1\mp\debug\planemesh.obj
c:\users\skalbe\dropbox\c_year3_networking\directxp2pgame_p1\mp\debug\pointmesh.obj
c:\users\skalbe\dropbox\c_year3_networking\directxp2pgame_p1\mp\debug\quadmesh.obj
c:\users\skalbe\dropbox\c_year3_networking\directxp2pgame_p1\mp\debug\rendertexture.obj
c:\users\skalbe\dropbox\c_year3_networking\directxp2pgame_p1\mp\debug\shadowbaseshader.obj
c:\users\skalbe\dropbox\c_year3_networking\directxp2pgame_p1\mp\debug\shadowshader.obj
c:\users\skalbe\dropbox\c_year3_networking\directxp2pgame_p1\mp\debug\spheremesh.obj
c:\users\skalbe\dropbox\c_year3_networking\directxp2pgame_p1\mp\debug\system.obj
c:\users\skalbe\dropbox\c_year3_networking\directxp2pgame_p1\mp\debug\tessellationmesh.obj
c:\users\skalbe\dropbox\c_year3_networking\directxp2pgame_p1\mp\debug\texture.obj
c:\users\skalbe\dropbox\c_year3_networking\directxp2pgame_p1\mp\debug\textureshader.obj
c:\users\skalbe\dropbox\c_year3_networking\directxp2pgame_p1\mp\debug\timer.obj
c:\users\skalbe\dropbox\c_year3_networking\directxp2pgame_p1\mp\debug\tokenstream.obj
c:\users\skalbe\dropbox\c_year3_networking\directxp2pgame_p1\mp\debug\trianglemesh.obj
c:\users\skalbe\dropbox\c_year3_networking\directxp2pgame_p1\mp\debug\verticalblurshader.obj
c:\users\skalbe\dropbox\c_year3_networking\directxp2pgame_p1\mp\debug\server.obj
c:\users\skalbe\dropbox\c_year3_networking\directxp2pgame_p1\mp\debug\utils.obj
c:\users\skalbe\dropbox\c_year3_networking\directxp2pgame_p1\mp\debug\baseapplication.obj
c:\users\skalbe\dropbox\c_year3_networking\directxp2pgame_p1\mp\debug\basemesh.obj
c:\users\skalbe\dropbox\c_year3_networking\directxp2pgame_p1\mp\debug\baseshader.obj
c:\users\skalbe\dropbox\c_year3_networking\directxp2pgame_p1\mp\debug\boxshader.obj
c:\users\skalbe\dropbox\c_year3_networking\directxp2pgame_p1\mp\debug\camera.obj
c:\users\skalbe\dropbox\c_year3_networking\directxp2pgame_p1\mp\debug\colourshader.obj
c:\users\skalbe\dropbox\c_year3_networking\directxp2pgame_p1\mp\debug\cubemesh.obj
c:\users\skalbe\dropbox\c_year3_networking\directxp2pgame_p1\mp\debug\d3d.obj
c:\users\skalbe\dropbox\c_year3_networking\directxp2pgame_p1\mp\debug\depthshader.obj
c:\users\skalbe\dropbox\c_year3_networking\directxp2pgame_p1\mp\debug\depthtessellationshader.obj
c:\users\skalbe\dropbox\c_year3_networking\directxp2pgame_p1\mp\debug\horizontalblurshader.obj
c:\users\skalbe\dropbox\c_year3_networking\directxp2pgame_p1\mp\debug\input.obj
c:\users\skalbe\dropbox\c_year3_networking\directxp2pgame_p1\mp\debug\game.obj
c:\users\skalbe\dropbox\c_year3_networking\directxp2pgame_p1\debug\mp.ilk
c:\users\skalbe\dropbox\c_year3_networking\directxp2pgame_p1\debug\mp.exe
c:\users\skalbe\dropbox\c_year3_networking\directxp2pgame_p1\debug\mp.pdb
c:\users\skalbe\dropbox\c_year3_networking\directxp2pgame_p1\debug\boxblur_ps.cso
c:\users\skalbe\dropbox\c_year3_networking\directxp2pgame_p1\debug\boxblur_vs.cso
c:\users\skalbe\dropbox\c_year3_networking\directxp2pgame_p1\debug\colour_ps.cso
c:\users\skalbe\dropbox\c_year3_networking\directxp2pgame_p1\debug\colour_vs.cso
c:\users\skalbe\dropbox\c_year3_networking\directxp2pgame_p1\debug\depth_ps.cso
c:\users\skalbe\dropbox\c_year3_networking\directxp2pgame_p1\debug\depth_vs.cso
c:\users\skalbe\dropbox\c_year3_networking\directxp2pgame_p1\debug\horizontalblur_ps.cso
c:\users\skalbe\dropbox\c_year3_networking\directxp2pgame_p1\debug\horizontalblur_vs.cso
c:\users\skalbe\dropbox\c_year3_networking\directxp2pgame_p1\debug\light_ps.cso
c:\users\skalbe\dropbox\c_year3_networking\directxp2pgame_p1\debug\light_vs.cso
c:\users\skalbe\dropbox\c_year3_networking\directxp2pgame_p1\debug\main_ds.cso
c:\users\skalbe\dropbox\c_year3_networking\directxp2pgame_p1\debug\main_hs.cso
c:\users\skalbe\dropbox\c_year3_networking\directxp2pgame_p1\debug\main_ps.cso
c:\users\skalbe\dropbox\c_year3_networking\directxp2pgame_p1\debug\main_vs.cso
c:\users\skalbe\dropbox\c_year3_networking\directxp2pgame_p1\debug\shadow_base_ps.cso
c:\users\skalbe\dropbox\c_year3_networking\directxp2pgame_p1\debug\shadow_base_vs.cso
c:\users\skalbe\dropbox\c_year3_networking\directxp2pgame_p1\debug\shadow_ps.cso
c:\users\skalbe\dropbox\c_year3_networking\directxp2pgame_p1\debug\shadow_vs.cso
c:\users\skalbe\dropbox\c_year3_networking\directxp2pgame_p1\debug\skybox_ps.cso
c:\users\skalbe\dropbox\c_year3_networking\directxp2pgame_p1\debug\skybox_vs.cso
c:\users\skalbe\dropbox\c_year3_networking\directxp2pgame_p1\debug\tessellation_ds.cso
c:\users\skalbe\dropbox\c_year3_networking\directxp2pgame_p1\debug\tessellation_hs.cso
c:\users\skalbe\dropbox\c_year3_networking\directxp2pgame_p1\debug\tessellation_ps.cso
c:\users\skalbe\dropbox\c_year3_networking\directxp2pgame_p1\debug\tessellation_vs.cso
c:\users\skalbe\dropbox\c_year3_networking\directxp2pgame_p1\debug\tess_depth_ds.cso
c:\users\skalbe\dropbox\c_year3_networking\directxp2pgame_p1\debug\tess_depth_hs.cso
c:\users\skalbe\dropbox\c_year3_networking\directxp2pgame_p1\debug\tess_depth_ps.cso
c:\users\skalbe\dropbox\c_year3_networking\directxp2pgame_p1\debug\tess_depth_vs.cso
c:\users\skalbe\dropbox\c_year3_networking\directxp2pgame_p1\debug\texture_ps.cso
c:\users\skalbe\dropbox\c_year3_networking\directxp2pgame_p1\debug\texture_vs.cso
c:\users\skalbe\dropbox\c_year3_networking\directxp2pgame_p1\debug\triangle_gs.cso
c:\users\skalbe\dropbox\c_year3_networking\directxp2pgame_p1\debug\triangle_ps.cso
c:\users\skalbe\dropbox\c_year3_networking\directxp2pgame_p1\debug\triangle_vs.cso
c:\users\skalbe\dropbox\c_year3_networking\directxp2pgame_p1\debug\verticalblur_ps.cso
c:\users\skalbe\dropbox\c_year3_networking\directxp2pgame_p1\debug\verticalblur_vs.cso
c:\users\skalbe\dropbox\c_year3_networking\directxp2pgame_p1\mp\debug\mp.tlog\cl.command.1.tlog
c:\users\skalbe\dropbox\c_year3_networking\directxp2pgame_p1\mp\debug\mp.tlog\cl.read.1.tlog
c:\users\skalbe\dropbox\c_year3_networking\directxp2pgame_p1\mp\debug\mp.tlog\cl.write.1.tlog
c:\users\skalbe\dropbox\c_year3_networking\directxp2pgame_p1\mp\debug\mp.tlog\link.command.1.tlog
c:\users\skalbe\dropbox\c_year3_networking\directxp2pgame_p1\mp\debug\mp.tlog\link.read.1.tlog
c:\users\skalbe\dropbox\c_year3_networking\directxp2pgame_p1\mp\debug\mp.tlog\link.write.1.tlog
c:\users\skalbe\dropbox\c_year3_networking\directxp2pgame_p1\mp\debug\mp.tlog\mp.write.1u.tlog
